Instrumentation/app/build/outputs/logs/manifest-merger-debug-report.txt
-- Merging decision tree log ---
manifest
ADDED from src/main/AndroidManifest.xml:1:1-23:12
	package
		ADDED from src/main/AndroidManifest.xml:2:5-35
		INJECTED from src/main/AndroidManifest.xml
		INJECTED from src/main/AndroidManifest.xml
	android:versionName
		INJECTED from src/main/AndroidManifest.xml
		INJECTED from src/main/AndroidManifest.xml
	xmlns:android
		ADDED from src/main/AndroidManifest.xml:1:11-69
	android:versionCode
		INJECTED from src/main/AndroidManifest.xml
		INJECTED from src/main/AndroidManifest.xml
application
ADDED from src/main/AndroidManifest.xml:4:5-21:19
	android:label
		ADDED from src/main/AndroidManifest.xml:7:9-41
	android:supportsRtl
		ADDED from src/main/AndroidManifest.xml:8:9-35
	android:allowBackup
		ADDED from src/main/AndroidManifest.xml:5:9-35
	android:icon
		ADDED from src/main/AndroidManifest.xml:6:9-43
	android:theme
		ADDED from src/main/AndroidManifest.xml:9:9-40
meta-data#xposedmodule
ADDED from src/main/AndroidManifest.xml:11:9-13:35
	android:value
		ADDED from src/main/AndroidManifest.xml:13:13-33
	android:name
		ADDED from src/main/AndroidManifest.xml:12:13-40
meta-data#xposeddescription
ADDED from src/main/AndroidManifest.xml:14:9-16:55
	android:value
		ADDED from src/main/AndroidManifest.xml:16:13-53
	android:name
		ADDED from src/main/AndroidManifest.xml:15:13-45
meta-data#xposedminversion
ADDED from src/main/AndroidManifest.xml:17:9-19:33
	android:value
		ADDED from src/main/AndroidManifest.xml:19:13-31
	android:name
		ADDED from src/main/AndroidManifest.xml:18:13-44
uses-sdk
INJECTED from src/main/AndroidManifest.xml reason: use-sdk injection requested
	android:targetSdkVersion
		INJECTED from src/main/AndroidManifest.xml
		INJECTED from src/main/AndroidManifest.xml
	android:minSdkVersion
		INJECTED from src/main/AndroidManifest.xml
		INJECTED from src/main/AndroidManifest.xml